<?xml version="1.0" encoding="utf-8"?><testsuites name="pytest tests"><testsuite name="pytest" errors="0" failures="0" skipped="0" tests="13" time="1.330" timestamp="2026-09-06T19:27:16.780087+00:00" hostname="agent-env-5dab1d8b-a32f-42f9-a69f-50a0b03d2213"><testcase classname="tests.test_cms_content.TestContentEndpoints" name="test_get_content_public" time="0.080" /><testcase classname="tests.test_cms_content.TestContactAdminRegression" name="test_list_inquiries_requires_admin" time="0.080" /><testcase classname="tests.test_cms_content.TestContactAdminRegression" name="test_list_inquiries_ok" time="0.076" /><testcase classname="tests.test_cms_content.TestContentEndpoints" name="test_put_content_requires_admin" time="0.074" /><testcase classname="tests.test_cms_content.TestContentEndpoints" name="test_put_content_bad_key" time="0.022" /><testcase classname="tests.test_cms_content.TestContactSubmit" name="test_post_contact_success" time="0.367" /><testcase classname="tests.test_cms_content.TestContentEndpoints" name="test_put_and_get_roundtrip" time="0.165" /><testcase classname="tests.test_cms_content.TestContentEndpoints" name="test_put_service_page_slash_key" time="0.112" /><testcase classname="tests.test_cms_content.TestContentEndpoints" name="test_put_empty_values_strip_and_delete" time="0.108" /><testcase classname="tests.test_cms_content.TestContactSubmit" name="test_post_contact_validation" time="0.022" /><testcase classname="tests.test_cms_content.TestContentEndpoints" name="test_delete_content_requires_admin" time="0.022" /><testcase classname="tests.test_cms_content.TestContentEndpoints" name="test_delete_content_ok" time="0.108" /><testcase classname="tests.test_cms_content.TestContentEndpoints" name="test_put_content_size_limit" time="0.022" /></testsuite></testsuites>