<?xml version="1.0" encoding="utf-8"?><testsuites name="pytest tests"><testsuite name="pytest" errors="0" failures="4" skipped="0" tests="30" time="6.833" timestamp="2026-09-12T18:10:16.519424+00:00" hostname="agent-env-5dab1d8b-a32f-42f9-a69f-50a0b03d2213"><testcase classname="tests.test_cms_content.TestContentEndpoints" name="test_get_content_public" time="0.093" /><testcase classname="tests.test_cms_content.TestContentEndpoints" name="test_put_content_requires_admin" time="0.022" /><testcase classname="tests.test_cms_content.TestContentEndpoints" name="test_put_content_bad_key" time="0.076" /><testcase classname="tests.test_cms_content.TestContentEndpoints" name="test_put_and_get_roundtrip" time="0.106" /><testcase classname="tests.test_media_storage_integration" name="test_upload_supported_formats_and_public_read[jpg]" time="0.909"><failure message="assert 'public, max-age=31536000, immutable' in 'no-store, no-cache, must-revalidate'&#10; +  where 'no-store, no-cache, must-revalidate' = get('cache-control', '')&#10; +    where get = {'Date': 'Sat, 12 Sep 2026 18:10:18 GMT', 'Content-Type': 'image/jpeg', 'Content-Length': '645', 'Connection': 'keep-alive', 'CF-Ray': 'a3a0de3fe8f535c0-ORD', 'CF-Cache-Status': 'DYNAMIC', 'Access-Control-Allow-Origin': '*', 'Cache-Control': 'no-store, no-cache, must-revalidate', 'Server': 'cloudflare', 'Via': '1.1 google', 'Access-Control-Allow-Headers': '*', 'Access-Control-Allow-Methods': 'GET, POST, PUT, DELETE, OPTIONS, HEAD, PATCH', 'Access-Control-Max-Age': '300', 'content-security-policy': &quot;default-src 'none'; sandbox&quot;, 'x-content-type-options': 'nosniff', 'set-cookie': '__cf_bm=CJzYgqeJSErWST9.xFEMxOBDw_.pF.V9QSFKGqoR628-1789236618.2220552-1.0.1.1-BYUKU6t2AqVrBlqT7vq6sWytoP.9EliJB8X3M6Tr217GRmC3_TMSkpeONq74vvrle69FCbJoDbWYilp83hrF7Wjb47QhecF6C77nBrsxr4i.WquNJZ33_QFXM6lFpPT1; HttpOnly; SameSite=None; Secure; Path=/; Domain=preview.emergentagent.com; Expires=Sat, 12 Sep 2026 18:40:18 GMT', 'X-Robots-Tag': 'noindex, nofollow'}.get&#10; +      where {'Date': 'Sat, 12 Sep 2026 18:10:18 GMT', 'Content-Type': 'image/jpeg', 'Content-Length': '645', 'Connection': 'keep-alive', 'CF-Ray': 'a3a0de3fe8f535c0-ORD', 'CF-Cache-Status': 'DYNAMIC', 'Access-Control-Allow-Origin': '*', 'Cache-Control': 'no-store, no-cache, must-revalidate', 'Server': 'cloudflare', 'Via': '1.1 google', 'Access-Control-Allow-Headers': '*', 'Access-Control-Allow-Methods': 'GET, POST, PUT, DELETE, OPTIONS, HEAD, PATCH', 'Access-Control-Max-Age': '300', 'content-security-policy': &quot;default-src 'none'; sandbox&quot;, 'x-content-type-options': 'nosniff', 'set-cookie': '__cf_bm=CJzYgqeJSErWST9.xFEMxOBDw_.pF.V9QSFKGqoR628-1789236618.2220552-1.0.1.1-BYUKU6t2AqVrBlqT7vq6sWytoP.9EliJB8X3M6Tr217GRmC3_TMSkpeONq74vvrle69FCbJoDbWYilp83hrF7Wjb47QhecF6C77nBrsxr4i.WquNJZ33_QFXM6lFpPT1; HttpOnly; SameSite=None; Secure; Path=/; Domain=preview.emergentagent.com; Expires=Sat, 12 Sep 2026 18:40:18 GMT', 'X-Robots-Tag': 'noindex, nofollow'} = &lt;Response [200]&gt;.headers">backend/tests/test_media_storage_integration.py:103: in test_upload_supported_formats_and_public_read
    assert "public, max-age=31536000, immutable" in fetched.headers.get("cache-control", "")
E   assert 'public, max-age=31536000, immutable' in 'no-store, no-cache, must-revalidate'
E    +  where 'no-store, no-cache, must-revalidate' = get('cache-control', '')
E    +    where get = {'Date': 'Sat, 12 Sep 2026 18:10:18 GMT', 'Content-Type': 'image/jpeg', 'Content-Length': '645', 'Connection': 'keep-alive', 'CF-Ray': 'a3a0de3fe8f535c0-ORD', 'CF-Cache-Status': 'DYNAMIC', 'Access-Control-Allow-Origin': '*', 'Cache-Control': 'no-store, no-cache, must-revalidate', 'Server': 'cloudflare', 'Via': '1.1 google', 'Access-Control-Allow-Headers': '*', 'Access-Control-Allow-Methods': 'GET, POST, PUT, DELETE, OPTIONS, HEAD, PATCH', 'Access-Control-Max-Age': '300', 'content-security-policy': "default-src 'none'; sandbox", 'x-content-type-options': 'nosniff', 'set-cookie': '__cf_bm=CJzYgqeJSErWST9.xFEMxOBDw_.pF.V9QSFKGqoR628-1789236618.2220552-1.0.1.1-BYUKU6t2AqVrBlqT7vq6sWytoP.9EliJB8X3M6Tr217GRmC3_TMSkpeONq74vvrle69FCbJoDbWYilp83hrF7Wjb47QhecF6C77nBrsxr4i.WquNJZ33_QFXM6lFpPT1; HttpOnly; SameSite=None; Secure; Path=/; Domain=preview.emergentagent.com; Expires=Sat, 12 Sep 2026 18:40:18 GMT', 'X-Robots-Tag': 'noindex, nofollow'}.get
E    +      where {'Date': 'Sat, 12 Sep 2026 18:10:18 GMT', 'Content-Type': 'image/jpeg', 'Content-Length': '645', 'Connection': 'keep-alive', 'CF-Ray': 'a3a0de3fe8f535c0-ORD', 'CF-Cache-Status': 'DYNAMIC', 'Access-Control-Allow-Origin': '*', 'Cache-Control': 'no-store, no-cache, must-revalidate', 'Server': 'cloudflare', 'Via': '1.1 google', 'Access-Control-Allow-Headers': '*', 'Access-Control-Allow-Methods': 'GET, POST, PUT, DELETE, OPTIONS, HEAD, PATCH', 'Access-Control-Max-Age': '300', 'content-security-policy': "default-src 'none'; sandbox", 'x-content-type-options': 'nosniff', 'set-cookie': '__cf_bm=CJzYgqeJSErWST9.xFEMxOBDw_.pF.V9QSFKGqoR628-1789236618.2220552-1.0.1.1-BYUKU6t2AqVrBlqT7vq6sWytoP.9EliJB8X3M6Tr217GRmC3_TMSkpeONq74vvrle69FCbJoDbWYilp83hrF7Wjb47QhecF6C77nBrsxr4i.WquNJZ33_QFXM6lFpPT1; HttpOnly; SameSite=None; Secure; Path=/; Domain=preview.emergentagent.com; Expires=Sat, 12 Sep 2026 18:40:18 GMT', 'X-Robots-Tag': 'noindex, nofollow'} = &lt;Response [200]&gt;.headers</failure></testcase><testcase classname="tests.test_cms_content.TestContentEndpoints" name="test_put_service_page_slash_key" time="0.107" /><testcase classname="tests.test_cms_content.TestContentEndpoints" name="test_put_empty_values_strip_and_delete" time="0.105" /><testcase classname="tests.test_cms_content.TestContentEndpoints" name="test_delete_content_requires_admin" time="0.021" /><testcase classname="tests.test_cms_content.TestContentEndpoints" name="test_delete_content_ok" time="0.106" /><testcase classname="tests.test_cms_content.TestContentEndpoints" name="test_put_content_size_limit" time="0.022" /><testcase classname="tests.test_cms_content.TestContactAdminRegression" name="test_list_inquiries_requires_admin" time="0.021" /><testcase classname="tests.test_cms_content.TestContactAdminRegression" name="test_list_inquiries_ok" time="0.026" /><testcase classname="tests.test_cms_content.TestContactSubmit" name="test_post_contact_success" time="0.338" /><testcase classname="tests.test_media_storage_integration" name="test_upload_supported_formats_and_public_read[png]" time="0.454"><failure message="assert 'public, max-age=31536000, immutable' in 'no-store, no-cache, must-revalidate'&#10; +  where 'no-store, no-cache, must-revalidate' = get('cache-control', '')&#10; +    where get = {'Date': 'Sat, 12 Sep 2026 18:10:18 GMT', 'Content-Type': 'image/png', 'Content-Length': '102', 'Connection': 'keep-alive', 'CF-Ray': 'a3a0de434cc30046-ORD', 'CF-Cache-Status': 'DYNAMIC', 'Access-Control-Allow-Origin': '*', 'Cache-Control': 'no-store, no-cache, must-revalidate', 'Server': 'cloudflare', 'Via': '1.1 google', 'Access-Control-Allow-Headers': '*', 'Access-Control-Allow-Methods': 'GET, POST, PUT, DELETE, OPTIONS, HEAD, PATCH', 'Access-Control-Max-Age': '300', 'content-security-policy': &quot;default-src 'none'; sandbox&quot;, 'x-content-type-options': 'nosniff', 'set-cookie': '__cf_bm=LNMkvafOU.6sv.phMZ910i7a6CeNOg2QbfNVMSzzmvk-1789236618.7651484-1.0.1.1-L4hLn0E1bJPMQCKsYoKmWQ8grH9piQAwHbJF.RGLPszl96AI01cn3IJeqIHBLvqjT_1IoJ6v_Ys_Kiy3c0NQ3Fzr1osqRUrqeUgl3UL4R_q4kQlxdlvSghdEVn4LuiOs; HttpOnly; SameSite=None; Secure; Path=/; Domain=preview.emergentagent.com; Expires=Sat, 12 Sep 2026 18:40:18 GMT', 'X-Robots-Tag': 'noindex, nofollow'}.get&#10; +      where {'Date': 'Sat, 12 Sep 2026 18:10:18 GMT', 'Content-Type': 'image/png', 'Content-Length': '102', 'Connection': 'keep-alive', 'CF-Ray': 'a3a0de434cc30046-ORD', 'CF-Cache-Status': 'DYNAMIC', 'Access-Control-Allow-Origin': '*', 'Cache-Control': 'no-store, no-cache, must-revalidate', 'Server': 'cloudflare', 'Via': '1.1 google', 'Access-Control-Allow-Headers': '*', 'Access-Control-Allow-Methods': 'GET, POST, PUT, DELETE, OPTIONS, HEAD, PATCH', 'Access-Control-Max-Age': '300', 'content-security-policy': &quot;default-src 'none'; sandbox&quot;, 'x-content-type-options': 'nosniff', 'set-cookie': '__cf_bm=LNMkvafOU.6sv.phMZ910i7a6CeNOg2QbfNVMSzzmvk-1789236618.7651484-1.0.1.1-L4hLn0E1bJPMQCKsYoKmWQ8grH9piQAwHbJF.RGLPszl96AI01cn3IJeqIHBLvqjT_1IoJ6v_Ys_Kiy3c0NQ3Fzr1osqRUrqeUgl3UL4R_q4kQlxdlvSghdEVn4LuiOs; HttpOnly; SameSite=None; Secure; Path=/; Domain=preview.emergentagent.com; Expires=Sat, 12 Sep 2026 18:40:18 GMT', 'X-Robots-Tag': 'noindex, nofollow'} = &lt;Response [200]&gt;.headers">backend/tests/test_media_storage_integration.py:103: in test_upload_supported_formats_and_public_read
    assert "public, max-age=31536000, immutable" in fetched.headers.get("cache-control", "")
E   assert 'public, max-age=31536000, immutable' in 'no-store, no-cache, must-revalidate'
E    +  where 'no-store, no-cache, must-revalidate' = get('cache-control', '')
E    +    where get = {'Date': 'Sat, 12 Sep 2026 18:10:18 GMT', 'Content-Type': 'image/png', 'Content-Length': '102', 'Connection': 'keep-alive', 'CF-Ray': 'a3a0de434cc30046-ORD', 'CF-Cache-Status': 'DYNAMIC', 'Access-Control-Allow-Origin': '*', 'Cache-Control': 'no-store, no-cache, must-revalidate', 'Server': 'cloudflare', 'Via': '1.1 google', 'Access-Control-Allow-Headers': '*', 'Access-Control-Allow-Methods': 'GET, POST, PUT, DELETE, OPTIONS, HEAD, PATCH', 'Access-Control-Max-Age': '300', 'content-security-policy': "default-src 'none'; sandbox", 'x-content-type-options': 'nosniff', 'set-cookie': '__cf_bm=LNMkvafOU.6sv.phMZ910i7a6CeNOg2QbfNVMSzzmvk-1789236618.7651484-1.0.1.1-L4hLn0E1bJPMQCKsYoKmWQ8grH9piQAwHbJF.RGLPszl96AI01cn3IJeqIHBLvqjT_1IoJ6v_Ys_Kiy3c0NQ3Fzr1osqRUrqeUgl3UL4R_q4kQlxdlvSghdEVn4LuiOs; HttpOnly; SameSite=None; Secure; Path=/; Domain=preview.emergentagent.com; Expires=Sat, 12 Sep 2026 18:40:18 GMT', 'X-Robots-Tag': 'noindex, nofollow'}.get
E    +      where {'Date': 'Sat, 12 Sep 2026 18:10:18 GMT', 'Content-Type': 'image/png', 'Content-Length': '102', 'Connection': 'keep-alive', 'CF-Ray': 'a3a0de434cc30046-ORD', 'CF-Cache-Status': 'DYNAMIC', 'Access-Control-Allow-Origin': '*', 'Cache-Control': 'no-store, no-cache, must-revalidate', 'Server': 'cloudflare', 'Via': '1.1 google', 'Access-Control-Allow-Headers': '*', 'Access-Control-Allow-Methods': 'GET, POST, PUT, DELETE, OPTIONS, HEAD, PATCH', 'Access-Control-Max-Age': '300', 'content-security-policy': "default-src 'none'; sandbox", 'x-content-type-options': 'nosniff', 'set-cookie': '__cf_bm=LNMkvafOU.6sv.phMZ910i7a6CeNOg2QbfNVMSzzmvk-1789236618.7651484-1.0.1.1-L4hLn0E1bJPMQCKsYoKmWQ8grH9piQAwHbJF.RGLPszl96AI01cn3IJeqIHBLvqjT_1IoJ6v_Ys_Kiy3c0NQ3Fzr1osqRUrqeUgl3UL4R_q4kQlxdlvSghdEVn4LuiOs; HttpOnly; SameSite=None; Secure; Path=/; Domain=preview.emergentagent.com; Expires=Sat, 12 Sep 2026 18:40:18 GMT', 'X-Robots-Tag': 'noindex, nofollow'} = &lt;Response [200]&gt;.headers</failure></testcase><testcase classname="tests.test_cms_content.TestContactSubmit" name="test_post_contact_validation" time="0.021" /><testcase classname="tests.test_media_storage_integration" name="test_upload_supported_formats_and_public_read[webp]" time="0.553"><failure message="assert 'public, max-age=31536000, immutable' in 'no-store, no-cache, must-revalidate'&#10; +  where 'no-store, no-cache, must-revalidate' = get('cache-control', '')&#10; +    where get = {'Date': 'Sat, 12 Sep 2026 18:10:19 GMT', 'Content-Type': 'image/webp', 'Content-Length': '78', 'Connection': 'keep-alive', 'CF-Ray': 'a3a0de46bc58fa1f-ORD', 'CF-Cache-Status': 'DYNAMIC', 'Access-Control-Allow-Origin': '*', 'Cache-Control': 'no-store, no-cache, must-revalidate', 'Server': 'cloudflare', 'Via': '1.1 google', 'Access-Control-Allow-Headers': '*', 'Access-Control-Allow-Methods': 'GET, POST, PUT, DELETE, OPTIONS, HEAD, PATCH', 'Access-Control-Max-Age': '300', 'content-security-policy': &quot;default-src 'none'; sandbox&quot;, 'x-content-type-options': 'nosniff', 'set-cookie': '__cf_bm=x6IGxy2Wd58Qphcvp77.dunizhe1CvVOio1IIslVtSs-1789236619.3150272-1.0.1.1-N7.PCuwhgcKcf1Q73fTU3mhtGN.GDeWBsQq59kmoN4HYxVIa8G9hc.nbgxXa_SSyEOQZKFdnYUWnV2vLFExayNfaWLcEHvcI2jSy.PXuWFTo8.zFr0Eo8jk.ygZBPGNQ; HttpOnly; SameSite=None; Secure; Path=/; Domain=preview.emergentagent.com; Expires=Sat, 12 Sep 2026 18:40:19 GMT', 'X-Robots-Tag': 'noindex, nofollow'}.get&#10; +      where {'Date': 'Sat, 12 Sep 2026 18:10:19 GMT', 'Content-Type': 'image/webp', 'Content-Length': '78', 'Connection': 'keep-alive', 'CF-Ray': 'a3a0de46bc58fa1f-ORD', 'CF-Cache-Status': 'DYNAMIC', 'Access-Control-Allow-Origin': '*', 'Cache-Control': 'no-store, no-cache, must-revalidate', 'Server': 'cloudflare', 'Via': '1.1 google', 'Access-Control-Allow-Headers': '*', 'Access-Control-Allow-Methods': 'GET, POST, PUT, DELETE, OPTIONS, HEAD, PATCH', 'Access-Control-Max-Age': '300', 'content-security-policy': &quot;default-src 'none'; sandbox&quot;, 'x-content-type-options': 'nosniff', 'set-cookie': '__cf_bm=x6IGxy2Wd58Qphcvp77.dunizhe1CvVOio1IIslVtSs-1789236619.3150272-1.0.1.1-N7.PCuwhgcKcf1Q73fTU3mhtGN.GDeWBsQq59kmoN4HYxVIa8G9hc.nbgxXa_SSyEOQZKFdnYUWnV2vLFExayNfaWLcEHvcI2jSy.PXuWFTo8.zFr0Eo8jk.ygZBPGNQ; HttpOnly; SameSite=None; Secure; Path=/; Domain=preview.emergentagent.com; Expires=Sat, 12 Sep 2026 18:40:19 GMT', 'X-Robots-Tag': 'noindex, nofollow'} = &lt;Response [200]&gt;.headers">backend/tests/test_media_storage_integration.py:103: in test_upload_supported_formats_and_public_read
    assert "public, max-age=31536000, immutable" in fetched.headers.get("cache-control", "")
E   assert 'public, max-age=31536000, immutable' in 'no-store, no-cache, must-revalidate'
E    +  where 'no-store, no-cache, must-revalidate' = get('cache-control', '')
E    +    where get = {'Date': 'Sat, 12 Sep 2026 18:10:19 GMT', 'Content-Type': 'image/webp', 'Content-Length': '78', 'Connection': 'keep-alive', 'CF-Ray': 'a3a0de46bc58fa1f-ORD', 'CF-Cache-Status': 'DYNAMIC', 'Access-Control-Allow-Origin': '*', 'Cache-Control': 'no-store, no-cache, must-revalidate', 'Server': 'cloudflare', 'Via': '1.1 google', 'Access-Control-Allow-Headers': '*', 'Access-Control-Allow-Methods': 'GET, POST, PUT, DELETE, OPTIONS, HEAD, PATCH', 'Access-Control-Max-Age': '300', 'content-security-policy': "default-src 'none'; sandbox", 'x-content-type-options': 'nosniff', 'set-cookie': '__cf_bm=x6IGxy2Wd58Qphcvp77.dunizhe1CvVOio1IIslVtSs-1789236619.3150272-1.0.1.1-N7.PCuwhgcKcf1Q73fTU3mhtGN.GDeWBsQq59kmoN4HYxVIa8G9hc.nbgxXa_SSyEOQZKFdnYUWnV2vLFExayNfaWLcEHvcI2jSy.PXuWFTo8.zFr0Eo8jk.ygZBPGNQ; HttpOnly; SameSite=None; Secure; Path=/; Domain=preview.emergentagent.com; Expires=Sat, 12 Sep 2026 18:40:19 GMT', 'X-Robots-Tag': 'noindex, nofollow'}.get
E    +      where {'Date': 'Sat, 12 Sep 2026 18:10:19 GMT', 'Content-Type': 'image/webp', 'Content-Length': '78', 'Connection': 'keep-alive', 'CF-Ray': 'a3a0de46bc58fa1f-ORD', 'CF-Cache-Status': 'DYNAMIC', 'Access-Control-Allow-Origin': '*', 'Cache-Control': 'no-store, no-cache, must-revalidate', 'Server': 'cloudflare', 'Via': '1.1 google', 'Access-Control-Allow-Headers': '*', 'Access-Control-Allow-Methods': 'GET, POST, PUT, DELETE, OPTIONS, HEAD, PATCH', 'Access-Control-Max-Age': '300', 'content-security-policy': "default-src 'none'; sandbox", 'x-content-type-options': 'nosniff', 'set-cookie': '__cf_bm=x6IGxy2Wd58Qphcvp77.dunizhe1CvVOio1IIslVtSs-1789236619.3150272-1.0.1.1-N7.PCuwhgcKcf1Q73fTU3mhtGN.GDeWBsQq59kmoN4HYxVIa8G9hc.nbgxXa_SSyEOQZKFdnYUWnV2vLFExayNfaWLcEHvcI2jSy.PXuWFTo8.zFr0Eo8jk.ygZBPGNQ; HttpOnly; SameSite=None; Secure; Path=/; Domain=preview.emergentagent.com; Expires=Sat, 12 Sep 2026 18:40:19 GMT', 'X-Robots-Tag': 'noindex, nofollow'} = &lt;Response [200]&gt;.headers</failure></testcase><testcase classname="tests.test_media_storage_integration" name="test_upload_supported_formats_and_public_read[gif]" time="0.565"><failure message="assert 'public, max-age=31536000, immutable' in 'no-store, no-cache, must-revalidate'&#10; +  where 'no-store, no-cache, must-revalidate' = get('cache-control', '')&#10; +    where get = {'Date': 'Sat, 12 Sep 2026 18:10:20 GMT', 'Content-Type': 'image/gif', 'Content-Length': '92', 'Connection': 'keep-alive', 'CF-Ray': 'a3a0de4a296de81a-ORD', 'CF-Cache-Status': 'DYNAMIC', 'Access-Control-Allow-Origin': '*', 'Cache-Control': 'no-store, no-cache, must-revalidate', 'Server': 'cloudflare', 'Via': '1.1 google', 'Access-Control-Allow-Headers': '*', 'Access-Control-Allow-Methods': 'GET, POST, PUT, DELETE, OPTIONS, HEAD, PATCH', 'Access-Control-Max-Age': '300', 'content-security-policy': &quot;default-src 'none'; sandbox&quot;, 'x-content-type-options': 'nosniff', 'set-cookie': '__cf_bm=IYvXr3IV7Qd9CD.NLdvu2Smre0aDugIJ_PQXdXDwnBM-1789236619.8640447-1.0.1.1-j19PSwB03MOx4N8xKUEo1ueiRMu1_M2K3keoFrjNUoy4MBfIHi.ybrL1VtxI_pu8EwrO8_fFvVvX0Nj1OaqpnRAOvg.mK7fybSHAM511Qw6jSysMx_GSwgHKnkLEP_AK; HttpOnly; SameSite=None; Secure; Path=/; Domain=preview.emergentagent.com; Expires=Sat, 12 Sep 2026 18:40:20 GMT', 'X-Robots-Tag': 'noindex, nofollow'}.get&#10; +      where {'Date': 'Sat, 12 Sep 2026 18:10:20 GMT', 'Content-Type': 'image/gif', 'Content-Length': '92', 'Connection': 'keep-alive', 'CF-Ray': 'a3a0de4a296de81a-ORD', 'CF-Cache-Status': 'DYNAMIC', 'Access-Control-Allow-Origin': '*', 'Cache-Control': 'no-store, no-cache, must-revalidate', 'Server': 'cloudflare', 'Via': '1.1 google', 'Access-Control-Allow-Headers': '*', 'Access-Control-Allow-Methods': 'GET, POST, PUT, DELETE, OPTIONS, HEAD, PATCH', 'Access-Control-Max-Age': '300', 'content-security-policy': &quot;default-src 'none'; sandbox&quot;, 'x-content-type-options': 'nosniff', 'set-cookie': '__cf_bm=IYvXr3IV7Qd9CD.NLdvu2Smre0aDugIJ_PQXdXDwnBM-1789236619.8640447-1.0.1.1-j19PSwB03MOx4N8xKUEo1ueiRMu1_M2K3keoFrjNUoy4MBfIHi.ybrL1VtxI_pu8EwrO8_fFvVvX0Nj1OaqpnRAOvg.mK7fybSHAM511Qw6jSysMx_GSwgHKnkLEP_AK; HttpOnly; SameSite=None; Secure; Path=/; Domain=preview.emergentagent.com; Expires=Sat, 12 Sep 2026 18:40:20 GMT', 'X-Robots-Tag': 'noindex, nofollow'} = &lt;Response [200]&gt;.headers">backend/tests/test_media_storage_integration.py:103: in test_upload_supported_formats_and_public_read
    assert "public, max-age=31536000, immutable" in fetched.headers.get("cache-control", "")
E   assert 'public, max-age=31536000, immutable' in 'no-store, no-cache, must-revalidate'
E    +  where 'no-store, no-cache, must-revalidate' = get('cache-control', '')
E    +    where get = {'Date': 'Sat, 12 Sep 2026 18:10:20 GMT', 'Content-Type': 'image/gif', 'Content-Length': '92', 'Connection': 'keep-alive', 'CF-Ray': 'a3a0de4a296de81a-ORD', 'CF-Cache-Status': 'DYNAMIC', 'Access-Control-Allow-Origin': '*', 'Cache-Control': 'no-store, no-cache, must-revalidate', 'Server': 'cloudflare', 'Via': '1.1 google', 'Access-Control-Allow-Headers': '*', 'Access-Control-Allow-Methods': 'GET, POST, PUT, DELETE, OPTIONS, HEAD, PATCH', 'Access-Control-Max-Age': '300', 'content-security-policy': "default-src 'none'; sandbox", 'x-content-type-options': 'nosniff', 'set-cookie': '__cf_bm=IYvXr3IV7Qd9CD.NLdvu2Smre0aDugIJ_PQXdXDwnBM-1789236619.8640447-1.0.1.1-j19PSwB03MOx4N8xKUEo1ueiRMu1_M2K3keoFrjNUoy4MBfIHi.ybrL1VtxI_pu8EwrO8_fFvVvX0Nj1OaqpnRAOvg.mK7fybSHAM511Qw6jSysMx_GSwgHKnkLEP_AK; HttpOnly; SameSite=None; Secure; Path=/; Domain=preview.emergentagent.com; Expires=Sat, 12 Sep 2026 18:40:20 GMT', 'X-Robots-Tag': 'noindex, nofollow'}.get
E    +      where {'Date': 'Sat, 12 Sep 2026 18:10:20 GMT', 'Content-Type': 'image/gif', 'Content-Length': '92', 'Connection': 'keep-alive', 'CF-Ray': 'a3a0de4a296de81a-ORD', 'CF-Cache-Status': 'DYNAMIC', 'Access-Control-Allow-Origin': '*', 'Cache-Control': 'no-store, no-cache, must-revalidate', 'Server': 'cloudflare', 'Via': '1.1 google', 'Access-Control-Allow-Headers': '*', 'Access-Control-Allow-Methods': 'GET, POST, PUT, DELETE, OPTIONS, HEAD, PATCH', 'Access-Control-Max-Age': '300', 'content-security-policy': "default-src 'none'; sandbox", 'x-content-type-options': 'nosniff', 'set-cookie': '__cf_bm=IYvXr3IV7Qd9CD.NLdvu2Smre0aDugIJ_PQXdXDwnBM-1789236619.8640447-1.0.1.1-j19PSwB03MOx4N8xKUEo1ueiRMu1_M2K3keoFrjNUoy4MBfIHi.ybrL1VtxI_pu8EwrO8_fFvVvX0Nj1OaqpnRAOvg.mK7fybSHAM511Qw6jSysMx_GSwgHKnkLEP_AK; HttpOnly; SameSite=None; Secure; Path=/; Domain=preview.emergentagent.com; Expires=Sat, 12 Sep 2026 18:40:20 GMT', 'X-Robots-Tag': 'noindex, nofollow'} = &lt;Response [200]&gt;.headers</failure></testcase><testcase classname="tests.test_media_storage_integration" name="test_public_get_unknown_media_uuid_404" time="0.163" /><testcase classname="tests.test_media_storage_integration" name="test_upload_rejects_missing_admin_key_401" time="0.109" /><testcase classname="tests.test_media_storage_integration" name="test_upload_rejects_wrong_admin_key_401" time="0.157" /><testcase classname="tests.test_media_storage_integration" name="test_upload_rejects_empty_file_400" time="0.201" /><testcase classname="tests.test_media_storage_integration" name="test_upload_rejects_over_5mb_413" time="0.437" /><testcase classname="tests.test_media_storage_integration" name="test_upload_rejects_svg_415" time="0.136" /><testcase classname="tests.test_media_storage_integration" name="test_upload_rejects_non_image_bytes_415" time="0.150" /><testcase classname="tests.test_media_storage_integration" name="test_upload_rejects_corrupt_or_truncated_image_415" time="0.157" /><testcase classname="tests.test_media_storage_integration" name="test_upload_rejects_mismatched_extension_415" time="0.135" /><testcase classname="tests.test_media_storage_integration" name="test_upload_rejects_mismatched_mime_415" time="0.139" /><testcase classname="tests.test_media_storage_integration" name="test_upload_rejects_excessive_dimensions_413" time="0.662" /><testcase classname="tests.test_media_storage_integration" name="test_storage_read_with_fresh_init_session" time="0.432" /><testcase classname="tests.test_media_storage_integration" name="test_soft_delete_uploaded_test_records" time="0.001" /></testsuite></testsuites>